Arguments: 
  /home/tj/miniconda3/envs/jupyterlab-ext/bin/node /home/tj/miniconda3/envs/jupyterlab-ext/lib/python3.9/site-packages/jupyterlab/staging/yarn.js add @jupyter/apputils

PATH: 
  /home/tj/miniconda3/envs/jupyterlab-ext/bin:/home/tj/miniconda3/condabin:/home/tj/.nvm/versions/node/v14.16.1/bin:/home/tj/bin:/home/tj/.local/bin:/usr/local/sbin:/usr/local/bin:/usr/sbin:/usr/bin:/sbin:/bin:/usr/games:/usr/local/games:/snap/bin:/home/tj/Asus/software/sratoolkit.2.10.3-ubuntu64/bin:/home/tj/Asus/software/android-platform-tools:/usr/local/bin/k3d:/usr/local/go/bin:/home/tj/miniconda3/bin

Yarn version: 
  1.21.1

Node version: 
  17.1.0

Platform: 
  linux x64

Trace: 
  Error: https://registry.yarnpkg.com/@jupyter%2fapputils: Not found
      at Request.params.callback [as _callback] (/home/tj/miniconda3/envs/jupyterlab-ext/lib/python3.9/site-packages/jupyterlab/staging/yarn.js:78477:18)
      at Request.self.callback (/home/tj/miniconda3/envs/jupyterlab-ext/lib/python3.9/site-packages/jupyterlab/staging/yarn.js:135083:22)
      at Request.emit (node:events:390:28)
      at Request.<anonymous> (/home/tj/miniconda3/envs/jupyterlab-ext/lib/python3.9/site-packages/jupyterlab/staging/yarn.js:136055:10)
      at Request.emit (node:events:390:28)
      at IncomingMessage.<anonymous> (/home/tj/miniconda3/envs/jupyterlab-ext/lib/python3.9/site-packages/jupyterlab/staging/yarn.js:135977:12)
      at Object.onceWrapper (node:events:509:28)
      at IncomingMessage.emit (node:events:402:35)
      at endReadableNT (node:internal/streams/readable:1340:12)
      at processTicksAndRejections (node:internal/process/task_queues:83:21)

npm manifest: 
  {
    "name": "hello_extension",
    "version": "0.1.0",
    "description": "show hello",
    "keywords": [
      "jupyter",
      "jupyterlab",
      "jupyterlab-extension"
    ],
    "homepage": "https://github.com/tsungjung411/test1",
    "bugs": {
      "url": "https://github.com/tsungjung411/test1/issues"
    },
    "license": "BSD-3-Clause",
    "author": {
      "name": "tj_tsai",
      "email": "tsungjung411"
    },
    "files": [
      "lib/**/*.{d.ts,eot,gif,html,jpg,js,js.map,json,png,svg,woff2,ttf}",
      "style/**/*.{css,js,eot,gif,html,jpg,json,png,svg,woff2,ttf}"
    ],
    "main": "lib/index.js",
    "types": "lib/index.d.ts",
    "style": "style/index.css",
    "repository": {
      "type": "git",
      "url": "https://github.com/tsungjung411/test1.git"
    },
    "scripts": {
      "build": "jlpm run build:lib && jlpm run build:labextension:dev",
      "build:prod": "jlpm run clean && jlpm run build:lib && jlpm run build:labextension",
      "build:labextension": "jupyter labextension build .",
      "build:labextension:dev": "jupyter labextension build --development True .",
      "build:lib": "tsc",
      "clean": "jlpm run clean:lib",
      "clean:lib": "rimraf lib tsconfig.tsbuildinfo",
      "clean:labextension": "rimraf hello_extension/labextension",
      "clean:all": "jlpm run clean:lib && jlpm run clean:labextension",
      "eslint": "eslint . --ext .ts,.tsx --fix",
      "eslint:check": "eslint . --ext .ts,.tsx",
      "install:extension": "jlpm run build",
      "watch": "run-p watch:src watch:labextension",
      "watch:src": "tsc -w",
      "watch:labextension": "jupyter labextension watch ."
    },
    "dependencies": {
      "@jupyterlab/application": "^3.1.0"
    },
    "devDependencies": {
      "@jupyterlab/builder": "^3.1.0",
      "@typescript-eslint/eslint-plugin": "^4.8.1",
      "@typescript-eslint/parser": "^4.8.1",
      "eslint": "^7.14.0",
      "eslint-config-prettier": "^6.15.0",
      "eslint-plugin-prettier": "^3.1.4", 
      "npm-run-all": "^4.1.5",
      "prettier": "^2.1.1",
      "rimraf": "^3.0.2",
      "typescript": "~4.1.3"
    },
    "sideEffects": [
      "style/*.css",
      "style/index.js"
    ],
    "styleModule": "style/index.js",
    "publishConfig": {
      "access": "public"
    },
    "jupyterlab": { 
      "extension": true,
      "outputDir": "hello_extension/labextension"
    },
    "jupyter-releaser": {
      "hooks": {
        "before-build-npm": [
          "python -m pip install jupyterlab~=3.1",
          "jlpm"
        ]
      }
    }
  }

yarn manifest: 
  No manifest

Lockfile: 
  No lockfile
